nicehair/build/outputs/logs/manifest-merger-debug-report.txt
-- Merging decision tree log ---
manifest
ADDED from src\main\AndroidManifest.xml:2:1-107:12
	package
		ADDED from src\main\AndroidManifest.xml:3:5-31
		INJECTED from src\main\AndroidManifest.xml
		INJECTED from src\main\AndroidManifest.xml
	android:versionName
		ADDED from src\main\AndroidManifest.xml:5:5-30
		INJECTED from src\main\AndroidManifest.xml
		INJECTED from src\main\AndroidManifest.xml
	android:versionCode
		ADDED from src\main\AndroidManifest.xml:4:5-28
		INJECTED from src\main\AndroidManifest.xml
		INJECTED from src\main\AndroidManifest.xml
	xmlns:android
		ADDED from src\main\AndroidManifest.xml:2:11-69
uses-sdk
ADDED from src\main\AndroidManifest.xml:7:5-9:41
	android:targetSdkVersion
		ADDED from src\main\AndroidManifest.xml:9:9-38
		INJECTED from src\main\AndroidManifest.xml
		INJECTED from src\main\AndroidManifest.xml
	android:minSdkVersion
		ADDED from src\main\AndroidManifest.xml:8:9-34
		INJECTED from src\main\AndroidManifest.xml
		INJECTED from src\main\AndroidManifest.xml
uses-permission#android.permission.android.permission.WRITE_SETTINGS
ADDED from src\main\AndroidManifest.xml:11:5-92
	android:name
		ADDED from src\main\AndroidManifest.xml:11:22-89
uses-permission#android.permission.RECEIVE_USER_PRESENT
ADDED from src\main\AndroidManifest.xml:12:5-79
	android:name
		ADDED from src\main\AndroidManifest.xml:12:22-76
uses-permission#android.permission.WAKE_LOCK
ADDED from src\main\AndroidManifest.xml:13:5-68
	android:name
		ADDED from src\main\AndroidManifest.xml:13:22-65
uses-permission#android.permission.CAMERA
ADDED from src\main\AndroidManifest.xml:14:5-65
	android:name
		ADDED from src\main\AndroidManifest.xml:14:22-62
uses-permission#android.permission.MODIFY_AUDIO_SETTINGS
ADDED from src\main\AndroidManifest.xml:15:5-80
	android:name
		ADDED from src\main\AndroidManifest.xml:15:22-77
uses-permission#android.permission.RECEIVE_BOOT_COMPLETED
ADDED from src\main\AndroidManifest.xml:16:5-81
	android:name
		ADDED from src\main\AndroidManifest.xml:16:22-78
uses-permission#android.permission.INTERNET
ADDED from src\main\AndroidManifest.xml:17:5-67
	android:name
		ADDED from src\main\AndroidManifest.xml:17:22-64
uses-permission#android.permission.ACCESS_NETWORK_STATE
ADDED from src\main\AndroidManifest.xml:18:5-79
	android:name
		ADDED from src\main\AndroidManifest.xml:18:22-76
uses-permission#android.permission.ACCESS_WIFI_STATE
ADDED from src\main\AndroidManifest.xml:19:5-76
	android:name
		ADDED from src\main\AndroidManifest.xml:19:22-73
uses-permission#android.permission.READ_PHONE_STATE
ADDED from src\main\AndroidManifest.xml:20:5-75
	android:name
		ADDED from src\main\AndroidManifest.xml:20:22-72
uses-permission#android.permission.ACCESS_COARSE_LOCATION
ADDED from src\main\AndroidManifest.xml:21:5-81
	android:name
		ADDED from src\main\AndroidManifest.xml:21:22-78
uses-permission#android.permission.ACCESS_COARSE_UPDATES
ADDED from src\main\AndroidManifest.xml:22:5-80
	android:name
		ADDED from src\main\AndroidManifest.xml:22:22-77
uses-permission#android.permission.WRITE_EXTERNAL_STORAGE
ADDED from src\main\AndroidManifest.xml:23:5-81
	android:name
		ADDED from src\main\AndroidManifest.xml:23:22-78
uses-permission#android.permission.READ_EXTERNAL_STORAGE
ADDED from src\main\AndroidManifest.xml:24:5-80
	android:name
		ADDED from src\main\AndroidManifest.xml:24:22-77
uses-permission#android.permission.MOUNT_UNMOUNT_FILESYSTEMS
ADDED from src\main\AndroidManifest.xml:25:5-84
	android:name
		ADDED from src\main\AndroidManifest.xml:25:22-81
uses-feature#android.hardware.camera
ADDED from src\main\AndroidManifest.xml:27:5-60
	android:name
		ADDED from src\main\AndroidManifest.xml:27:19-57
uses-permission#android.permission.VIBRATE
ADDED from src\main\AndroidManifest.xml:29:5-66
	android:name
		ADDED from src\main\AndroidManifest.xml:29:22-63
uses-feature#android.hardware.camera.autofocus
ADDED from src\main\AndroidManifest.xml:31:5-70
	android:name
		ADDED from src\main\AndroidManifest.xml:31:19-67
uses-permission#android.permission.ACCESS_FINE_LOCATION
ADDED from src\main\AndroidManifest.xml:33:5-79
	android:name
		ADDED from src\main\AndroidManifest.xml:33:22-76
application
ADDED from src\main\AndroidManifest.xml:35:5-105:19
	android:label
		ADDED from src\main\AndroidManifest.xml:39:9-41
	android:allowBackup
		ADDED from src\main\AndroidManifest.xml:37:9-35
	android:icon
		ADDED from src\main\AndroidManifest.xml:38:9-42
	android:theme
		ADDED from src\main\AndroidManifest.xml:40:9-49
	android:name
		ADDED from src\main\AndroidManifest.xml:36:9-60
activity#com.lan.nicehair.activity.MainActivity
ADDED from src\main\AndroidManifest.xml:41:9-50:20
	android:label
		ADDED from src\main\AndroidManifest.xml:43:13-45
	android:theme
		ADDED from src\main\AndroidManifest.xml:44:13-53
	android:name
		ADDED from src\main\AndroidManifest.xml:42:13-50
intent-filter#android.intent.action.MAIN+android.intent.category.LAUNCHER
ADDED from src\main\AndroidManifest.xml:45:13-49:29
action#android.intent.action.MAIN
ADDED from src\main\AndroidManifest.xml:46:17-69
	android:name
		ADDED from src\main\AndroidManifest.xml:46:25-66
category#android.intent.category.LAUNCHER
ADDED from src\main\AndroidManifest.xml:48:17-77
	android:name
		ADDED from src\main\AndroidManifest.xml:48:27-74
activity#com.lan.nicehair.activity.ZoneActivity
ADDED from src\main\AndroidManifest.xml:51:9-54:56
	android:screenOrientation
		ADDED from src\main\AndroidManifest.xml:53:13-49
	android:theme
		ADDED from src\main\AndroidManifest.xml:54:13-53
	android:name
		ADDED from src\main\AndroidManifest.xml:52:13-50
activity#com.lan.nicehair.activity.FindHairActivity
ADDED from src\main\AndroidManifest.xml:55:9-58:56
	android:screenOrientation
		ADDED from src\main\AndroidManifest.xml:57:13-49
	android:theme
		ADDED from src\main\AndroidManifest.xml:58:13-53
	android:name
		ADDED from src\main\AndroidManifest.xml:56:13-54
activity#com.lan.nicehair.activity.DisCoverActivity
ADDED from src\main\AndroidManifest.xml:59:9-62:56
	android:screenOrientation
		ADDED from src\main\AndroidManifest.xml:61:13-49
	android:theme
		ADDED from src\main\AndroidManifest.xml:62:13-53
	android:name
		ADDED from src\main\AndroidManifest.xml:60:13-54
activity#com.lan.nicehair.activity.MeActivity
ADDED from src\main\AndroidManifest.xml:63:9-66:56
	android:screenOrientation
		ADDED from src\main\AndroidManifest.xml:65:13-49
	android:theme
		ADDED from src\main\AndroidManifest.xml:66:13-53
	android:name
		ADDED from src\main\AndroidManifest.xml:64:13-48
activity#com.lan.nicehair.activity.SettingActivity
ADDED from src\main\AndroidManifest.xml:67:9-70:56
	android:screenOrientation
		ADDED from src\main\AndroidManifest.xml:69:13-49
	android:theme
		ADDED from src\main\AndroidManifest.xml:70:13-53
	android:name
		ADDED from src\main\AndroidManifest.xml:68:13-53
activity#com.lan.nicehair.activity.ChangeHairActivity
ADDED from src\main\AndroidManifest.xml:71:9-74:56
	android:screenOrientation
		ADDED from src\main\AndroidManifest.xml:73:13-49
	android:theme
		ADDED from src\main\AndroidManifest.xml:74:13-53
	android:name
		ADDED from src\main\AndroidManifest.xml:72:13-56
activity#com.lan.nicehair.activity.TopicSearchActivity
ADDED from src\main\AndroidManifest.xml:75:9-79:58
	android:screenOrientation
		ADDED from src\main\AndroidManifest.xml:77:13-49
	android:windowSoftInputMode
		ADDED from src\main\AndroidManifest.xml:79:13-55
	android:theme
		ADDED from src\main\AndroidManifest.xml:78:13-53
	android:name
		ADDED from src\main\AndroidManifest.xml:76:13-57
activity#com.lan.nicehair.activity.PublishActivity
ADDED from src\main\AndroidManifest.xml:80:9-84:58
	android:screenOrientation
		ADDED from src\main\AndroidManifest.xml:82:13-49
	android:windowSoftInputMode
		ADDED from src\main\AndroidManifest.xml:84:13-55
	android:theme
		ADDED from src\main\AndroidManifest.xml:83:13-53
	android:name
		ADDED from src\main\AndroidManifest.xml:81:13-53
activity#com.lan.nicehair.activity.PhotoPagerActivity
ADDED from src\main\AndroidManifest.xml:85:9-88:56
	android:screenOrientation
		ADDED from src\main\AndroidManifest.xml:87:13-49
	android:theme
		ADDED from src\main\AndroidManifest.xml:88:13-53
	android:name
		ADDED from src\main\AndroidManifest.xml:86:13-56
activity#com.lan.nicehair.activity.CameraActivity
ADDED from src\main\AndroidManifest.xml:89:9-92:56
	android:screenOrientation
		ADDED from src\main\AndroidManifest.xml:91:13-49
	android:theme
		ADDED from src\main\AndroidManifest.xml:92:13-53
	android:name
		ADDED from src\main\AndroidManifest.xml:90:13-52
activity#com.lan.nicehair.activity.PostInfoActivity
ADDED from src\main\AndroidManifest.xml:93:9-96:56
	android:screenOrientation
		ADDED from src\main\AndroidManifest.xml:95:13-49
	android:theme
		ADDED from src\main\AndroidManifest.xml:96:13-53
	android:name
		ADDED from src\main\AndroidManifest.xml:94:13-54
activity#com.lan.nicehair.activity.HairCommentActivity
ADDED from src\main\AndroidManifest.xml:97:9-100:56
	android:screenOrientation
		ADDED from src\main\AndroidManifest.xml:99:13-49
	android:theme
		ADDED from src\main\AndroidManifest.xml:100:13-53
	android:name
		ADDED from src\main\AndroidManifest.xml:98:13-57
activity#com.lan.nicehair.activity.AboutUsActivity
ADDED from src\main\AndroidManifest.xml:101:9-104:56
	android:screenOrientation
		ADDED from src\main\AndroidManifest.xml:103:13-49
	android:theme
		ADDED from src\main\AndroidManifest.xml:104:13-53
	android:name
		ADDED from src\main\AndroidManifest.xml:102:13-53